<?xml version="1.0" encoding="UTF-8"?>
<!-- Generated by org.testng.reporters.JUnitXMLReporter -->
<testsuite ignored="0" hostname="DESKTOP-S72DKBT" failures="2" tests="2" name="Default test" time="3.296" errors="0" timestamp="2021-10-26T11:26:38 IST">
  <testcase classname="io.cucumber.testng.AbstractTestNGCucumberTests" name="runScenario" time="2.762">
    <failure type="java.lang.NullPointerException" message="No BaseStepListener has been registered">
      <![CDATA[java.lang.NullPointerException: No BaseStepListener has been registered
at com.google.common.base.Preconditions.checkNotNull(Preconditions.java:900)
at net.thucydides.core.steps.StepEventBus.getBaseStepListener(StepEventBus.java:139)
at net.thucydides.core.steps.StepEventBus.takeScreenshot(StepEventBus.java:712)
at net.serenitybdd.core.Serenity.takeScreenshot(Serenity.java:249)
at StepDefinitions.StepDefnition.initialize_browser(StepDefnition.java:69)
at ✽.Initialize browser(file:///C:/Users/CHETAN%20S/Downloads/Updated-Demoblaze/Updtd-cucumber-starter/src/test/resources/features/FrameWork.feature:4)
]]>
    </failure>
  </testcase> <!-- runScenario -->
  <testcase classname="io.cucumber.testng.AbstractTestNGCucumberTests" name="runScenario" time="0.016">
    <failure type="java.lang.NullPointerException" message="No BaseStepListener has been registered">
      <![CDATA[java.lang.NullPointerException: No BaseStepListener has been registered
at com.google.common.base.Preconditions.checkNotNull(Preconditions.java:900)
at net.thucydides.core.steps.StepEventBus.getBaseStepListener(StepEventBus.java:139)
at net.thucydides.core.steps.StepEventBus.takeScreenshot(StepEventBus.java:712)
at net.serenitybdd.core.Serenity.takeScreenshot(Serenity.java:249)
at StepDefinitions.StepDefnition.initializee_browser(StepDefnition.java:247)
at ✽.Initializee browser(file:///C:/Users/CHETAN%20S/Downloads/Updated-Demoblaze/Updtd-cucumber-starter/src/test/resources/features/FrameWork.feature:11)
]]>
    </failure>
  </testcase> <!-- runScenario -->
</testsuite> <!-- Default test -->
