<html>
<head>
<title>TestNG:  Default test</title>
<link href="../testng.css" rel="stylesheet" type="text/css" />
<link href="../my-testng.css" rel="stylesheet" type="text/css" />

<style type="text/css">
.log { display: none;} 
.stack-trace { display: none;} 
</style>
<script type="text/javascript">
<!--
function flip(e) {
  current = e.style.display;
  if (current == 'block') {
    e.style.display = 'none';
    return 0;
  }
  else {
    e.style.display = 'block';
    return 1;
  }
}

function toggleBox(szDivId, elem, msg1, msg2)
{
  var res = -1;  if (document.getElementById) {
    res = flip(document.getElementById(szDivId));
  }
  else if (document.all) {
    // this is the way old msie versions work
    res = flip(document.all[szDivId]);
  }
  if(elem) {
    if(res == 0) elem.innerHTML = msg1; else elem.innerHTML = msg2;
  }

}

function toggleAllBoxes() {
  if (document.getElementsByTagName) {
    d = document.getElementsByTagName('div');
    for (i = 0; i < d.length; i++) {
      if (d[i].className == 'log') {
        flip(d[i]);
      }
    }
  }
}

// -->
</script>

</head>
<body>
<h2 align='center'>Default test</h2><table border='1' align="center">
<tr>
<td>Tests passed/Failed/Skipped:</td><td>0/2/0</td>
</tr><tr>
<td>Started on:</td><td>Tue Oct 26 11:26:34 IST 2021</td>
</tr>
<tr><td>Total time:</td><td>3 seconds (3296 ms)</td>
</tr><tr>
<td>Included groups:</td><td></td>
</tr><tr>
<td>Excluded groups:</td><td></td>
</tr>
</table><p/>
<small><i>(Hover the method name to see the test class name)</i></small><p/>
<table width='100%' border='1' class='invocation-failed'>
<tr><td colspan='4' align='center'><b>FAILED TESTS</b></td></tr>
<tr><td><b>Test method</b></td>
<td width="30%"><b>Exception</b></td>
<td width="10%"><b>Time (seconds)</b></td>
<td><b>Instance</b></td>
</tr>
<tr>
<td title='CucumberOptionsss.TestRunnerTestNG.runScenario()'><b>runScenario</b><br>Test class: CucumberOptionsss.TestRunnerTestNG<br>Test method: Runs Cucumber Scenarios<br>Parameters: "To verify user credentials to sign-up and log-in", "Optional[FrameWork on Demoblaze]"</td>
<td><div><pre>java.lang.NullPointerException: No BaseStepListener has been registered
	at com.google.common.base.Preconditions.checkNotNull(Preconditions.java:900)
	at net.thucydides.core.steps.StepEventBus.getBaseStepListener(StepEventBus.java:139)
	at net.thucydides.core.steps.StepEventBus.takeScreenshot(StepEventBus.java:712)
	at net.serenitybdd.core.Serenity.takeScreenshot(Serenity.java:249)
	at StepDefinitions.StepDefnition.initialize_browser(StepDefnition.java:69)
	at ?.Initialize browser(file:///C:/Users/CHETAN%20S/Downloads/Updated-Demoblaze/Updtd-cucumber-starter/src/test/resources/features/FrameWork.feature:4)
</pre></div><a href='#' onClick='toggleBox("stack-trace1904047495", this, "Click to show all stack frames", "Click to hide stack frames")'>Click to show all stack frames</a>
<div class='stack-trace' id='stack-trace1904047495'><pre>java.lang.NullPointerException: No BaseStepListener has been registered
	at com.google.common.base.Preconditions.checkNotNull(Preconditions.java:900)
	at net.thucydides.core.steps.StepEventBus.getBaseStepListener(StepEventBus.java:139)
	at net.thucydides.core.steps.StepEventBus.takeScreenshot(StepEventBus.java:712)
	at net.serenitybdd.core.Serenity.takeScreenshot(Serenity.java:249)
	at StepDefinitions.StepDefnition.initialize_browser(StepDefnition.java:69)
	at ?.Initialize browser(file:///C:/Users/CHETAN%20S/Downloads/Updated-Demoblaze/Updtd-cucumber-starter/src/test/resources/features/FrameWork.feature:4)
</pre></div></td>
<td>2</td>
<td>CucumberOptionsss.TestRunnerTestNG@2ca26d77</td></tr>
<tr>
<td title='CucumberOptionsss.TestRunnerTestNG.runScenario()'><b>runScenario</b><br>Test class: CucumberOptionsss.TestRunnerTestNG<br>Test method: Runs Cucumber Scenarios<br>Parameters: "To verify end to end purchase", "Optional[FrameWork on Demoblaze]"</td>
<td><div><pre>java.lang.NullPointerException: No BaseStepListener has been registered
	at com.google.common.base.Preconditions.checkNotNull(Preconditions.java:900)
	at net.thucydides.core.steps.StepEventBus.getBaseStepListener(StepEventBus.java:139)
	at net.thucydides.core.steps.StepEventBus.takeScreenshot(StepEventBus.java:712)
	at net.serenitybdd.core.Serenity.takeScreenshot(Serenity.java:249)
	at StepDefinitions.StepDefnition.initializee_browser(StepDefnition.java:247)
	at ?.Initializee browser(file:///C:/Users/CHETAN%20S/Downloads/Updated-Demoblaze/Updtd-cucumber-starter/src/test/resources/features/FrameWork.feature:11)
</pre></div><a href='#' onClick='toggleBox("stack-trace1076039353", this, "Click to show all stack frames", "Click to hide stack frames")'>Click to show all stack frames</a>
<div class='stack-trace' id='stack-trace1076039353'><pre>java.lang.NullPointerException: No BaseStepListener has been registered
	at com.google.common.base.Preconditions.checkNotNull(Preconditions.java:900)
	at net.thucydides.core.steps.StepEventBus.getBaseStepListener(StepEventBus.java:139)
	at net.thucydides.core.steps.StepEventBus.takeScreenshot(StepEventBus.java:712)
	at net.serenitybdd.core.Serenity.takeScreenshot(Serenity.java:249)
	at StepDefinitions.StepDefnition.initializee_browser(StepDefnition.java:247)
	at ?.Initializee browser(file:///C:/Users/CHETAN%20S/Downloads/Updated-Demoblaze/Updtd-cucumber-starter/src/test/resources/features/FrameWork.feature:11)
</pre></div></td>
<td>0</td>
<td>CucumberOptionsss.TestRunnerTestNG@2ca26d77</td></tr>
</table><p>
</body>
</html>