<?xml version="1.0" encoding="UTF-8"?>
<testng-results ignored="0" total="2" passed="0" failed="2" skipped="0">
  <reporter-output>
  </reporter-output>
  <suite started-at="2021-10-26T11:26:34 IST" name="Default suite" finished-at="2021-10-26T11:26:38 IST" duration-ms="3296">
    <groups>
      <group name="cucumber">
        <method signature="AbstractTestNGCucumberTests.runScenario(io.cucumber.testng.PickleWrapper,io.cucumber.testng.FeatureWrapper)[pri:0, instance:CucumberOptionsss.TestRunnerTestNG@2ca26d77]" name="runScenario" class="io.cucumber.testng.AbstractTestNGCucumberTests"/>
      </group> <!-- cucumber -->
    </groups>
    <test started-at="2021-10-26T11:26:34 IST" name="Default test" finished-at="2021-10-26T11:26:38 IST" duration-ms="3296">
      <class name="CucumberOptionsss.TestRunnerTestNG">
        <test-method is-config="true" signature="setUpClass()[pri:0, instance:CucumberOptionsss.TestRunnerTestNG@2ca26d77]" started-at="2021-10-26T11:26:34 IST" name="setUpClass" finished-at="2021-10-26T11:26:35 IST" duration-ms="428" status="PASS">
          <reporter-output>
          </reporter-output>
        </test-method> <!-- setUpClass -->
        <test-method signature="runScenario(io.cucumber.testng.PickleWrapper,io.cucumber.testng.FeatureWrapper)[pri:0, instance:CucumberOptionsss.TestRunnerTestNG@2ca26d77]" started-at="2021-10-26T11:26:35 IST" name="runScenario" description="Runs Cucumber Scenarios" data-provider="scenarios" finished-at="2021-10-26T11:26:37 IST" duration-ms="2762" status="FAIL">
          <params>
            <param index="0">
              <value>
                <![CDATA["To verify user credentials to sign-up and log-in"]]>
              </value>
            </param>
            <param index="1">
              <value>
                <![CDATA["Optional[FrameWork on Demoblaze]"]]>
              </value>
            </param>
          </params>
          <exception class="java.lang.NullPointerException">
            <message>
              <![CDATA[No BaseStepListener has been registered]]>
            </message>
            <full-stacktrace>
              <![CDATA[java.lang.NullPointerException: No BaseStepListener has been registered
at com.google.common.base.Preconditions.checkNotNull(Preconditions.java:900)
at net.thucydides.core.steps.StepEventBus.getBaseStepListener(StepEventBus.java:139)
at net.thucydides.core.steps.StepEventBus.takeScreenshot(StepEventBus.java:712)
at net.serenitybdd.core.Serenity.takeScreenshot(Serenity.java:249)
at StepDefinitions.StepDefnition.initialize_browser(StepDefnition.java:69)
at ✽.Initialize browser(file:///C:/Users/CHETAN%20S/Downloads/Updated-Demoblaze/Updtd-cucumber-starter/src/test/resources/features/FrameWork.feature:4)
]]>
            </full-stacktrace>
          </exception> <!-- java.lang.NullPointerException -->
          <reporter-output>
          </reporter-output>
        </test-method> <!-- runScenario -->
        <test-method signature="runScenario(io.cucumber.testng.PickleWrapper,io.cucumber.testng.FeatureWrapper)[pri:0, instance:CucumberOptionsss.TestRunnerTestNG@2ca26d77]" started-at="2021-10-26T11:26:38 IST" name="runScenario" description="Runs Cucumber Scenarios" data-provider="scenarios" finished-at="2021-10-26T11:26:38 IST" duration-ms="16" status="FAIL">
          <params>
            <param index="0">
              <value>
                <![CDATA["To verify end to end purchase"]]>
              </value>
            </param>
            <param index="1">
              <value>
                <![CDATA["Optional[FrameWork on Demoblaze]"]]>
              </value>
            </param>
          </params>
          <exception class="java.lang.NullPointerException">
            <message>
              <![CDATA[No BaseStepListener has been registered]]>
            </message>
            <full-stacktrace>
              <![CDATA[java.lang.NullPointerException: No BaseStepListener has been registered
at com.google.common.base.Preconditions.checkNotNull(Preconditions.java:900)
at net.thucydides.core.steps.StepEventBus.getBaseStepListener(StepEventBus.java:139)
at net.thucydides.core.steps.StepEventBus.takeScreenshot(StepEventBus.java:712)
at net.serenitybdd.core.Serenity.takeScreenshot(Serenity.java:249)
at StepDefinitions.StepDefnition.initializee_browser(StepDefnition.java:247)
at ✽.Initializee browser(file:///C:/Users/CHETAN%20S/Downloads/Updated-Demoblaze/Updtd-cucumber-starter/src/test/resources/features/FrameWork.feature:11)
]]>
            </full-stacktrace>
          </exception> <!-- java.lang.NullPointerException -->
          <reporter-output>
          </reporter-output>
        </test-method> <!-- runScenario -->
        <test-method is-config="true" signature="tearDownClass()[pri:0, instance:CucumberOptionsss.TestRunnerTestNG@2ca26d77]" started-at="2021-10-26T11:26:38 IST" name="tearDownClass" finished-at="2021-10-26T11:26:38 IST" duration-ms="17" status="PASS">
          <reporter-output>
          </reporter-output>
        </test-method> <!-- tearDownClass -->
      </class> <!-- CucumberOptionsss.TestRunnerTestNG -->
    </test> <!-- Default test -->
  </suite> <!-- Default suite -->
</testng-results>
