<?xml version="1.0" encoding="UTF-8"?>
<!-- Generated by org.testng.reporters.JUnitReportReporter -->
<testsuite hostname="DESKTOP-S72DKBT" failures="0" tests="2" name="CucumberOptionsss.TestRunnerTestNG" time="2.778" errors="2" timestamp="2021-10-26T11:26:38 IST" skipped="0">
  <testcase classname="CucumberOptionsss.TestRunnerTestNG" name="runScenario" time="2.762">
    <error message="No BaseStepListener has been registered" type="java.lang.NullPointerException">
      <![CDATA[java.lang.NullPointerException: No BaseStepListener has been registered
at com.google.common.base.Preconditions.checkNotNull(Preconditions.java:900)
at net.thucydides.core.steps.StepEventBus.getBaseStepListener(StepEventBus.java:139)
at net.thucydides.core.steps.StepEventBus.takeScreenshot(StepEventBus.java:712)
at net.serenitybdd.core.Serenity.takeScreenshot(Serenity.java:249)
at StepDefinitions.StepDefnition.initialize_browser(StepDefnition.java:69)
at ✽.Initialize browser(file:///C:/Users/CHETAN%20S/Downloads/Updated-Demoblaze/Updtd-cucumber-starter/src/test/resources/features/FrameWork.feature:4)
]]>
    </error>
  </testcase> <!-- runScenario -->
  <system-out/>
  <testcase classname="CucumberOptionsss.TestRunnerTestNG" name="runScenario" time="0.016">
    <error message="No BaseStepListener has been registered" type="java.lang.NullPointerException">
      <![CDATA[java.lang.NullPointerException: No BaseStepListener has been registered
at com.google.common.base.Preconditions.checkNotNull(Preconditions.java:900)
at net.thucydides.core.steps.StepEventBus.getBaseStepListener(StepEventBus.java:139)
at net.thucydides.core.steps.StepEventBus.takeScreenshot(StepEventBus.java:712)
at net.serenitybdd.core.Serenity.takeScreenshot(Serenity.java:249)
at StepDefinitions.StepDefnition.initializee_browser(StepDefnition.java:247)
at ✽.Initializee browser(file:///C:/Users/CHETAN%20S/Downloads/Updated-Demoblaze/Updtd-cucumber-starter/src/test/resources/features/FrameWork.feature:11)
]]>
    </error>
  </testcase> <!-- runScenario -->
  <system-out/>
</testsuite> <!-- CucumberOptionsss.TestRunnerTestNG -->
